<?xml version="1.0" encoding="UTF-8"?>
<persistence xmlns="http://java.sun.com/xml/ns/persistence" version="2.0">

    <persistence-unit name="pmPersistenceUnit" transaction-type="RESOURCE_LOCAL">
        <provider>org.hibernate.jpa.HibernatePersistenceProvider</provider>

        <class>md.endava.oe.domain.Project</class>
        <class>md.endava.oe.domain.Review</class>
        <class>md.endava.oe.domain.Role</class>
        <class>md.endava.oe.domain.User</class>

        <properties>
            <property name="hibernate.connection.url" value="jdbc:h2:mem:pm;DB_CLOSE_DELAY=1000"/>
            <property name="hibernate.connection.driver_class" value="org.h2.Driver"/>
            <property name="hibernate.connection.username" value="sa"/>
            <property name="hibernate.connection.password" value=""/>
            <!--<property name="hibernate.archive.autodetection" value="class"/>-->
            <property name="hibernate.show_sql" value="true"/>
            <property name="hibernate.format_sql" value="false"/>
            <property name="hibernate.hbm2ddl.auto" value="create-drop"/>
        </properties>
    </persistence-unit>
</persistence>
